e:\qqdownload\ls\edf-tools-master\simple_edf_mission_parser\release\edf tools.pch
e:\qqdownload\ls\edf-tools-master\simple_edf_mission_parser\release\vc141.pdb
e:\qqdownload\ls\edf-tools-master\simple_edf_mission_parser\release\stdafx.obj
e:\qqdownload\ls\edf-tools-master\simple_edf_mission_parser\release\tinyxml2.obj
e:\qqdownload\ls\edf-tools-master\simple_edf_mission_parser\release\vmstate.obj
e:\qqdownload\ls\edf-tools-master\simple_edf_mission_parser\release\util.obj
e:\qqdownload\ls\edf-tools-master\simple_edf_mission_parser\release\edf_tools.obj
e:\qqdownload\ls\edf-tools-master\simple_edf_mission_parser\release\sgo.obj
e:\qqdownload\ls\edf-tools-master\simple_edf_mission_parser\release\rmpa.obj
e:\qqdownload\ls\edf-tools-master\simple_edf_mission_parser\release\rab.obj
e:\qqdownload\ls\edf-tools-master\simple_edf_mission_parser\release\modmanager.obj
e:\qqdownload\ls\edf-tools-master\simple_edf_mission_parser\release\missionscript.obj
e:\qqdownload\ls\edf-tools-master\simple_edf_mission_parser\release\mab.obj
e:\qqdownload\ls\edf-tools-master\simple_edf_mission_parser\release\jsonamlparser.obj
e:\qqdownload\ls\edf-tools-master\simple_edf_mission_parser\release\mdb.obj
e:\qqdownload\ls\edf-tools-master\release\edf tools.ipdb
e:\qqdownload\ls\edf-tools-master\release\edf tools.iobj
e:\qqdownload\ls\edf-tools-master\release\edf tools.exe
e:\qqdownload\ls\edf-tools-master\release\edf tools.pdb
e:\qqdownload\ls\edf-tools-master\simple_edf_mission_parser\release\nativecodeanalysis.read.1.tlog
e:\qqdownload\ls\edf-tools-master\simple_edf_mission_parser\release\edf_tools.nativecodeanalysis.xml
e:\qqdownload\ls\edf-tools-master\simple_edf_mission_parser\release\jsonamlparser.nativecodeanalysis.xml
e:\qqdownload\ls\edf-tools-master\simple_edf_mission_parser\release\mab.nativecodeanalysis.xml
e:\qqdownload\ls\edf-tools-master\simple_edf_mission_parser\release\mdb.nativecodeanalysis.xml
e:\qqdownload\ls\edf-tools-master\simple_edf_mission_parser\release\missionscript.nativecodeanalysis.xml
e:\qqdownload\ls\edf-tools-master\simple_edf_mission_parser\release\modmanager.nativecodeanalysis.xml
e:\qqdownload\ls\edf-tools-master\simple_edf_mission_parser\release\rab.nativecodeanalysis.xml
e:\qqdownload\ls\edf-tools-master\simple_edf_mission_parser\release\rmpa.nativecodeanalysis.xml
e:\qqdownload\ls\edf-tools-master\simple_edf_mission_parser\release\sgo.nativecodeanalysis.xml
e:\qqdownload\ls\edf-tools-master\simple_edf_mission_parser\release\stdafx.nativecodeanalysis.xml
e:\qqdownload\ls\edf-tools-master\simple_edf_mission_parser\release\tinyxml2.nativecodeanalysis.xml
e:\qqdownload\ls\edf-tools-master\simple_edf_mission_parser\release\util.nativecodeanalysis.xml
e:\qqdownload\ls\edf-tools-master\simple_edf_mission_parser\release\vc.nativecodeanalysis.all.xml
e:\qqdownload\ls\edf-tools-master\simple_edf_mission_parser\release\vmstate.nativecodeanalysis.xml
e:\qqdownload\ls\edf-tools-master\release\edf tools.exe.lastcodeanalysissucceeded
e:\qqdownload\ls\edf-tools-master\simple_edf_mission_parser\release\edf tools.tlog\cl.command.1.tlog
e:\qqdownload\ls\edf-tools-master\simple_edf_mission_parser\release\edf tools.tlog\cl.read.1.tlog
e:\qqdownload\ls\edf-tools-master\simple_edf_mission_parser\release\edf tools.tlog\cl.write.1.tlog
e:\qqdownload\ls\edf-tools-master\simple_edf_mission_parser\release\edf tools.tlog\edf tools.write.1u.tlog
e:\qqdownload\ls\edf-tools-master\simple_edf_mission_parser\release\edf tools.tlog\link.command.1.tlog
e:\qqdownload\ls\edf-tools-master\simple_edf_mission_parser\release\edf tools.tlog\link.read.1.tlog
e:\qqdownload\ls\edf-tools-master\simple_edf_mission_parser\release\edf tools.tlog\link.write.1.tlog
