  MDB.cpp
D:\9SourceCode\cpp\edf-tools-master\EDF_Tools\MDB.cpp(1219,38): warning C4267: “参数”: 从“size_t”转换到“_Ty”，可能丢失数据
D:\9SourceCode\cpp\edf-tools-master\EDF_Tools\MDB.cpp(1219,38): warning C4267:         with
D:\9SourceCode\cpp\edf-tools-master\EDF_Tools\MDB.cpp(1219,38): warning C4267:         [
D:\9SourceCode\cpp\edf-tools-master\EDF_Tools\MDB.cpp(1219,38): warning C4267:             _Ty=int
D:\9SourceCode\cpp\edf-tools-master\EDF_Tools\MDB.cpp(1219,38): warning C4267:         ]
  (编译源文件“/MDB.cpp”)
  
D:\9SourceCode\cpp\edf-tools-master\EDF_Tools\MDB.cpp(1228,41): warning C4267: “参数”: 从“size_t”转换到“int”，可能丢失数据
  (编译源文件“/MDB.cpp”)
  
D:\9SourceCode\cpp\edf-tools-master\EDF_Tools\MDB.cpp(1238,41): warning C4267: “参数”: 从“size_t”转换到“int”，可能丢失数据
  (编译源文件“/MDB.cpp”)
  
D:\9SourceCode\cpp\edf-tools-master\EDF_Tools\MDB.cpp(1242,35): warning C4267: “参数”: 从“size_t”转换到“_Ty”，可能丢失数据
D:\9SourceCode\cpp\edf-tools-master\EDF_Tools\MDB.cpp(1242,35): warning C4267:         with
D:\9SourceCode\cpp\edf-tools-master\EDF_Tools\MDB.cpp(1242,35): warning C4267:         [
D:\9SourceCode\cpp\edf-tools-master\EDF_Tools\MDB.cpp(1242,35): warning C4267:             _Ty=int
D:\9SourceCode\cpp\edf-tools-master\EDF_Tools\MDB.cpp(1242,35): warning C4267:         ]
  (编译源文件“/MDB.cpp”)
  
D:\9SourceCode\cpp\edf-tools-master\EDF_Tools\MDB.cpp(1249,41): warning C4267: “参数”: 从“size_t”转换到“int”，可能丢失数据
  (编译源文件“/MDB.cpp”)
  
D:\9SourceCode\cpp\edf-tools-master\EDF_Tools\MDB.cpp(1253,35): warning C4267: “参数”: 从“size_t”转换到“_Ty”，可能丢失数据
D:\9SourceCode\cpp\edf-tools-master\EDF_Tools\MDB.cpp(1253,35): warning C4267:         with
D:\9SourceCode\cpp\edf-tools-master\EDF_Tools\MDB.cpp(1253,35): warning C4267:         [
D:\9SourceCode\cpp\edf-tools-master\EDF_Tools\MDB.cpp(1253,35): warning C4267:             _Ty=int
D:\9SourceCode\cpp\edf-tools-master\EDF_Tools\MDB.cpp(1253,35): warning C4267:         ]
  (编译源文件“/MDB.cpp”)
  
D:\9SourceCode\cpp\edf-tools-master\EDF_Tools\MDB.cpp(1259,38): warning C4267: “参数”: 从“size_t”转换到“_Ty”，可能丢失数据
D:\9SourceCode\cpp\edf-tools-master\EDF_Tools\MDB.cpp(1259,38): warning C4267:         with
D:\9SourceCode\cpp\edf-tools-master\EDF_Tools\MDB.cpp(1259,38): warning C4267:         [
D:\9SourceCode\cpp\edf-tools-master\EDF_Tools\MDB.cpp(1259,38): warning C4267:             _Ty=int
D:\9SourceCode\cpp\edf-tools-master\EDF_Tools\MDB.cpp(1259,38): warning C4267:         ]
  (编译源文件“/MDB.cpp”)
  
D:\9SourceCode\cpp\edf-tools-master\EDF_Tools\MDB.cpp(1265,38): warning C4267: “参数”: 从“size_t”转换到“_Ty”，可能丢失数据
D:\9SourceCode\cpp\edf-tools-master\EDF_Tools\MDB.cpp(1265,38): warning C4267:         with
D:\9SourceCode\cpp\edf-tools-master\EDF_Tools\MDB.cpp(1265,38): warning C4267:         [
D:\9SourceCode\cpp\edf-tools-master\EDF_Tools\MDB.cpp(1265,38): warning C4267:             _Ty=int
D:\9SourceCode\cpp\edf-tools-master\EDF_Tools\MDB.cpp(1265,38): warning C4267:         ]
  (编译源文件“/MDB.cpp”)
  
D:\9SourceCode\cpp\edf-tools-master\EDF_Tools\MDB.cpp(1284,41): warning C4267: “参数”: 从“size_t”转换到“int”，可能丢失数据
  (编译源文件“/MDB.cpp”)
  
D:\9SourceCode\cpp\edf-tools-master\EDF_Tools\MDB.cpp(1288,37): warning C4267: “参数”: 从“size_t”转换到“_Ty”，可能丢失数据
D:\9SourceCode\cpp\edf-tools-master\EDF_Tools\MDB.cpp(1288,37): warning C4267:         with
D:\9SourceCode\cpp\edf-tools-master\EDF_Tools\MDB.cpp(1288,37): warning C4267:         [
D:\9SourceCode\cpp\edf-tools-master\EDF_Tools\MDB.cpp(1288,37): warning C4267:             _Ty=int
D:\9SourceCode\cpp\edf-tools-master\EDF_Tools\MDB.cpp(1288,37): warning C4267:         ]
  (编译源文件“/MDB.cpp”)
  
D:\9SourceCode\cpp\edf-tools-master\EDF_Tools\MDB.cpp(1294,39): warning C4267: “参数”: 从“size_t”转换到“_Ty”，可能丢失数据
D:\9SourceCode\cpp\edf-tools-master\EDF_Tools\MDB.cpp(1294,39): warning C4267:         with
D:\9SourceCode\cpp\edf-tools-master\EDF_Tools\MDB.cpp(1294,39): warning C4267:         [
D:\9SourceCode\cpp\edf-tools-master\EDF_Tools\MDB.cpp(1294,39): warning C4267:             _Ty=int
D:\9SourceCode\cpp\edf-tools-master\EDF_Tools\MDB.cpp(1294,39): warning C4267:         ]
  (编译源文件“/MDB.cpp”)
  
D:\9SourceCode\cpp\edf-tools-master\EDF_Tools\MDB.cpp(1300,38): warning C4267: “参数”: 从“size_t”转换到“_Ty”，可能丢失数据
D:\9SourceCode\cpp\edf-tools-master\EDF_Tools\MDB.cpp(1300,38): warning C4267:         with
D:\9SourceCode\cpp\edf-tools-master\EDF_Tools\MDB.cpp(1300,38): warning C4267:         [
D:\9SourceCode\cpp\edf-tools-master\EDF_Tools\MDB.cpp(1300,38): warning C4267:             _Ty=int
D:\9SourceCode\cpp\edf-tools-master\EDF_Tools\MDB.cpp(1300,38): warning C4267:         ]
  (编译源文件“/MDB.cpp”)
  
D:\9SourceCode\cpp\edf-tools-master\EDF_Tools\MDB.cpp(1309,69): warning C4267: “参数”: 从“size_t”转换到“int”，可能丢失数据
  (编译源文件“/MDB.cpp”)
  
D:\9SourceCode\cpp\edf-tools-master\EDF_Tools\MDB.cpp(1317,69): warning C4267: “参数”: 从“size_t”转换到“int”，可能丢失数据
  (编译源文件“/MDB.cpp”)
  
D:\9SourceCode\cpp\edf-tools-master\EDF_Tools\MDB.cpp(1343,14): warning C4267: “初始化”: 从“size_t”转换到“int”，可能丢失数据
  (编译源文件“/MDB.cpp”)
  
D:\9SourceCode\cpp\edf-tools-master\EDF_Tools\MDB.cpp(1369,14): warning C4267: “初始化”: 从“size_t”转换到“int”，可能丢失数据
  (编译源文件“/MDB.cpp”)
  
D:\9SourceCode\cpp\edf-tools-master\EDF_Tools\MDB.cpp(1519,20): warning C4267: “=”: 从“size_t”转换到“int”，可能丢失数据
  (编译源文件“/MDB.cpp”)
  
D:\9SourceCode\cpp\edf-tools-master\EDF_Tools\MDB.cpp(1525,35): warning C4267: “=”: 从“size_t”转换到“int”，可能丢失数据
  (编译源文件“/MDB.cpp”)
  
D:\9SourceCode\cpp\edf-tools-master\EDF_Tools\MDB.cpp(1641,17): warning C4267: “=”: 从“size_t”转换到“int”，可能丢失数据
  (编译源文件“/MDB.cpp”)
  
D:\9SourceCode\cpp\edf-tools-master\EDF_Tools\MDB.cpp(1647,32): warning C4267: “=”: 从“size_t”转换到“int”，可能丢失数据
  (编译源文件“/MDB.cpp”)
  
D:\9SourceCode\cpp\edf-tools-master\EDF_Tools\MDB.cpp(1769,17): warning C4267: “=”: 从“size_t”转换到“int”，可能丢失数据
  (编译源文件“/MDB.cpp”)
  
D:\9SourceCode\cpp\edf-tools-master\EDF_Tools\MDB.cpp(1847,16): warning C4267: “=”: 从“size_t”转换到“int”，可能丢失数据
  (编译源文件“/MDB.cpp”)
  
D:\9SourceCode\cpp\edf-tools-master\EDF_Tools\MDB.cpp(1853,31): warning C4267: “=”: 从“size_t”转换到“int”，可能丢失数据
  (编译源文件“/MDB.cpp”)
  
D:\9SourceCode\cpp\edf-tools-master\EDF_Tools\MDB.cpp(2009,16): warning C4267: “初始化”: 从“size_t”转换到“int”，可能丢失数据
  (编译源文件“/MDB.cpp”)
  
D:\9SourceCode\cpp\edf-tools-master\EDF_Tools\MDB.cpp(604,1): warning C4715: “CMDBtoXML::Read”: 不是所有的控件路径都返回值
  EDF_Tools.vcxproj -> D:\9SourceCode\cpp\edf-tools-master\x64\Debug\EDF Tools.exe
