  stdafx.cpp
  CANM.cpp
e:\qqdownload\ls\edf-tools-master\edf_tools\canm.cpp(22): warning C4244: “参数”: 从“std::streamsize”转换到“const unsigned int”，可能丢失数据
e:\qqdownload\ls\edf-tools-master\edf_tools\canm.cpp(193): warning C4018: “<”: 有符号/无符号不匹配
e:\qqdownload\ls\edf-tools-master\edf_tools\canm.cpp(377): warning C4018: “<”: 有符号/无符号不匹配
e:\qqdownload\ls\edf-tools-master\edf_tools\canm.cpp(642): warning C4267: “=”: 从“size_t”转换到“short”，可能丢失数据
e:\qqdownload\ls\edf-tools-master\edf_tools\canm.cpp(650): warning C4267: “=”: 从“size_t”转换到“short”，可能丢失数据
e:\qqdownload\ls\edf-tools-master\edf_tools\canm.cpp(725): warning C4267: “=”: 从“size_t”转换到“short”，可能丢失数据
e:\qqdownload\ls\edf-tools-master\edf_tools\canm.cpp(733): warning C4267: “=”: 从“size_t”转换到“short”，可能丢失数据
e:\qqdownload\ls\edf-tools-master\edf_tools\canm.cpp(821): warning C4267: “return”: 从“size_t”转换到“short”，可能丢失数据
e:\qqdownload\ls\edf-tools-master\edf_tools\canm.cpp(831): warning C4267: “return”: 从“size_t”转换到“short”，可能丢失数据
e:\qqdownload\ls\edf-tools-master\edf_tools\canm.cpp(838): warning C4267: “初始化”: 从“size_t”转换到“short”，可能丢失数据
  CAS.cpp
e:\qqdownload\ls\edf-tools-master\edf_tools\cas.cpp(22): warning C4244: “参数”: 从“std::streamsize”转换到“const unsigned int”，可能丢失数据
  MTAB.cpp
e:\qqdownload\ls\edf-tools-master\edf_tools\mtab.cpp(22): warning C4244: “参数”: 从“std::streamsize”转换到“const unsigned int”，可能丢失数据
e:\qqdownload\ls\edf-tools-master\edf_tools\mtab.cpp(187): warning C4018: “<”: 有符号/无符号不匹配
  tinyxml2.cpp
  JSONAMLParser.cpp
e:\qqdownload\ls\edf-tools-master\edf_tools\jsonamlparser.cpp(25): warning C4018: “<”: 有符号/无符号不匹配
e:\qqdownload\ls\edf-tools-master\edf_tools\jsonamlparser.cpp(139): warning C4018: “<”: 有符号/无符号不匹配
e:\qqdownload\ls\edf-tools-master\edf_tools\jsonamlparser.cpp(149): warning C4018: “<”: 有符号/无符号不匹配
e:\qqdownload\ls\edf-tools-master\edf_tools\jsonamlparser.cpp(197): warning C4018: “<”: 有符号/无符号不匹配
e:\qqdownload\ls\edf-tools-master\edf_tools\jsonamlparser.cpp(240): warning C4018: “<”: 有符号/无符号不匹配
  MAB.cpp
e:\qqdownload\ls\edf-tools-master\edf_tools\mab.cpp(23): warning C4244: “参数”: 从“std::streamsize”转换到“const unsigned int”，可能丢失数据
e:\qqdownload\ls\edf-tools-master\edf_tools\mab.cpp(413): warning C4018: “<”: 有符号/无符号不匹配
e:\qqdownload\ls\edf-tools-master\edf_tools\mab.cpp(598): warning C4309: “参数”: 截断常量值
e:\qqdownload\ls\edf-tools-master\edf_tools\mab.cpp(603): warning C4309: “参数”: 截断常量值
  MDB.cpp
e:\qqdownload\ls\edf-tools-master\edf_tools\mdb.cpp(25): warning C4244: “参数”: 从“std::streamsize”转换到“const unsigned int”，可能丢失数据
e:\qqdownload\ls\edf-tools-master\edf_tools\mdb.cpp(1434): warning C4018: “<”: 有符号/无符号不匹配
  Middleware.cpp
  MissionScript.cpp
e:\qqdownload\ls\edf-tools-master\edf_tools\missionscript.cpp(33): warning C4244: “参数”: 从“std::streamsize”转换到“const unsigned int”，可能丢失数据
e:\qqdownload\ls\edf-tools-master\edf_tools\missionscript.cpp(179): warning C4018: “<”: 有符号/无符号不匹配
e:\qqdownload\ls\edf-tools-master\edf_tools\missionscript.cpp(206): warning C4018: “<”: 有符号/无符号不匹配
e:\qqdownload\ls\edf-tools-master\edf_tools\missionscript.cpp(300): warning C4018: “<”: 有符号/无符号不匹配
e:\qqdownload\ls\edf-tools-master\edf_tools\missionscript.cpp(365): warning C4018: “<”: 有符号/无符号不匹配
e:\qqdownload\ls\edf-tools-master\edf_tools\missionscript.cpp(622): warning C4018: “<”: 有符号/无符号不匹配
e:\qqdownload\ls\edf-tools-master\edf_tools\missionscript.cpp(666): warning C4018: “<”: 有符号/无符号不匹配
e:\qqdownload\ls\edf-tools-master\edf_tools\missionscript.cpp(971): warning C4018: “<”: 有符号/无符号不匹配
e:\qqdownload\ls\edf-tools-master\edf_tools\missionscript.cpp(967): warning C4101: “e”: 未引用的局部变量
e:\qqdownload\ls\edf-tools-master\edf_tools\missionscript.cpp(1321): warning C4018: “<”: 有符号/无符号不匹配
e:\qqdownload\ls\edf-tools-master\edf_tools\missionscript.cpp(1430): warning C4018: “<”: 有符号/无符号不匹配
e:\qqdownload\ls\edf-tools-master\edf_tools\missionscript.cpp(1509): warning C4018: “<”: 有符号/无符号不匹配
e:\qqdownload\ls\edf-tools-master\edf_tools\missionscript.cpp(1531): warning C4018: “<”: 有符号/无符号不匹配
e:\qqdownload\ls\edf-tools-master\edf_tools\missionscript.cpp(1541): warning C4018: “<”: 有符号/无符号不匹配
e:\qqdownload\ls\edf-tools-master\edf_tools\missionscript.cpp(1570): warning C4018: “<”: 有符号/无符号不匹配
e:\qqdownload\ls\edf-tools-master\edf_tools\missionscript.cpp(1582): warning C4018: “<”: 有符号/无符号不匹配
e:\qqdownload\ls\edf-tools-master\edf_tools\missionscript.cpp(1584): warning C4018: “<”: 有符号/无符号不匹配
e:\qqdownload\ls\edf-tools-master\edf_tools\missionscript.cpp(1591): warning C4018: “<”: 有符号/无符号不匹配
e:\qqdownload\ls\edf-tools-master\edf_tools\missionscript.cpp(1624): warning C4018: “<”: 有符号/无符号不匹配
e:\qqdownload\ls\edf-tools-master\edf_tools\missionscript.cpp(1633): warning C4018: “<”: 有符号/无符号不匹配
e:\qqdownload\ls\edf-tools-master\edf_tools\missionscript.cpp(1647): warning C4018: “<”: 有符号/无符号不匹配
e:\qqdownload\ls\edf-tools-master\edf_tools\missionscript.cpp(1651): warning C4309: “参数”: 截断常量值
e:\qqdownload\ls\edf-tools-master\edf_tools\missionscript.cpp(1668): warning C4018: “<”: 有符号/无符号不匹配
e:\qqdownload\ls\edf-tools-master\edf_tools\missionscript.cpp(1682): warning C4018: “<”: 有符号/无符号不匹配
e:\qqdownload\ls\edf-tools-master\edf_tools\missionscript.cpp(1698): warning C4018: “<”: 有符号/无符号不匹配
e:\qqdownload\ls\edf-tools-master\edf_tools\missionscript.cpp(1711): warning C4018: “<”: 有符号/无符号不匹配
e:\qqdownload\ls\edf-tools-master\edf_tools\missionscript.cpp(1722): warning C4018: “<”: 有符号/无符号不匹配
e:\qqdownload\ls\edf-tools-master\edf_tools\missionscript.cpp(1728): warning C4018: “<”: 有符号/无符号不匹配
e:\qqdownload\ls\edf-tools-master\edf_tools\missionscript.cpp(1734): warning C4018: “<”: 有符号/无符号不匹配
e:\qqdownload\ls\edf-tools-master\edf_tools\missionscript.cpp(1740): warning C4018: “<”: 有符号/无符号不匹配
e:\qqdownload\ls\edf-tools-master\edf_tools\missionscript.cpp(1746): warning C4018: “<”: 有符号/无符号不匹配
e:\qqdownload\ls\edf-tools-master\edf_tools\missionscript.cpp(1752): warning C4018: “<”: 有符号/无符号不匹配
e:\qqdownload\ls\edf-tools-master\edf_tools\missionscript.cpp(1782): warning C4018: “<”: 有符号/无符号不匹配
e:\qqdownload\ls\edf-tools-master\edf_tools\missionscript.cpp(1831): warning C4018: “<”: 有符号/无符号不匹配
e:\qqdownload\ls\edf-tools-master\edf_tools\missionscript.cpp(1853): warning C4309: “参数”: 截断常量值
e:\qqdownload\ls\edf-tools-master\edf_tools\missionscript.cpp(1886): warning C4018: “<”: 有符号/无符号不匹配
e:\qqdownload\ls\edf-tools-master\edf_tools\missionscript.cpp(1468): warning C4996: 'wcstok': wcstok has been changed to conform with the ISO C standard, adding an extra context parameter. To use the legacy Microsoft wcstok, define _CRT_NON_CONFORMING_WCSTOK.
  i:\program files (x86)\windows kits\10\include\10.0.19041.0\ucrt\corecrt_wstring.h(253): note: 参见“wcstok”的声明
e:\qqdownload\ls\edf-tools-master\edf_tools\missionscript.cpp(1471): warning C4996: 'wcstok': wcstok has been changed to conform with the ISO C standard, adding an extra context parameter. To use the legacy Microsoft wcstok, define _CRT_NON_CONFORMING_WCSTOK.
  i:\program files (x86)\windows kits\10\include\10.0.19041.0\ucrt\corecrt_wstring.h(253): note: 参见“wcstok”的声明
e:\qqdownload\ls\edf-tools-master\edf_tools\missionscript.cpp(1916): warning C4018: “<”: 有符号/无符号不匹配
e:\qqdownload\ls\edf-tools-master\edf_tools\missionscript.cpp(1955): warning C4018: “<”: 有符号/无符号不匹配
e:\qqdownload\ls\edf-tools-master\edf_tools\missionscript.cpp(1974): warning C4018: “<”: 有符号/无符号不匹配
e:\qqdownload\ls\edf-tools-master\edf_tools\missionscript.cpp(2034): warning C4309: “参数”: 截断常量值
e:\qqdownload\ls\edf-tools-master\edf_tools\missionscript.cpp(2072): warning C4309: “参数”: 截断常量值
e:\qqdownload\ls\edf-tools-master\edf_tools\missionscript.cpp(2098): warning C4309: “参数”: 截断常量值
e:\qqdownload\ls\edf-tools-master\edf_tools\missionscript.cpp(2123): warning C4309: “参数”: 截断常量值
e:\qqdownload\ls\edf-tools-master\edf_tools\missionscript.cpp(2148): warning C4309: “参数”: 截断常量值
e:\qqdownload\ls\edf-tools-master\edf_tools\missionscript.cpp(2169): warning C4146: 一元负运算符应用于无符号类型，结果仍为无符号类型
e:\qqdownload\ls\edf-tools-master\edf_tools\missionscript.cpp(2169): warning C4267: “参数”: 从“size_t”转换到“_Ty”，可能丢失数据
          with
          [
              _Ty=char
          ]
e:\qqdownload\ls\edf-tools-master\edf_tools\missionscript.cpp(2173): warning C4309: “参数”: 截断常量值
e:\qqdownload\ls\edf-tools-master\edf_tools\missionscript.cpp(2175): warning C4146: 一元负运算符应用于无符号类型，结果仍为无符号类型
e:\qqdownload\ls\edf-tools-master\edf_tools\missionscript.cpp(2189): warning C4309: “参数”: 截断常量值
e:\qqdownload\ls\edf-tools-master\edf_tools\missionscript.cpp(2204): warning C4309: “参数”: 截断常量值
e:\qqdownload\ls\edf-tools-master\edf_tools\missionscript.cpp(2249): warning C4309: “参数”: 截断常量值
e:\qqdownload\ls\edf-tools-master\edf_tools\missionscript.cpp(2287): warning C4309: “参数”: 截断常量值
e:\qqdownload\ls\edf-tools-master\edf_tools\missionscript.cpp(2335): warning C4309: “参数”: 截断常量值
e:\qqdownload\ls\edf-tools-master\edf_tools\missionscript.cpp(2337): warning C4309: “参数”: 截断常量值
e:\qqdownload\ls\edf-tools-master\edf_tools\missionscript.cpp(2339): warning C4309: “参数”: 截断常量值
e:\qqdownload\ls\edf-tools-master\edf_tools\missionscript.cpp(2341): warning C4309: “参数”: 截断常量值
e:\qqdownload\ls\edf-tools-master\edf_tools\missionscript.cpp(2343): warning C4309: “参数”: 截断常量值
e:\qqdownload\ls\edf-tools-master\edf_tools\missionscript.cpp(2503): warning C4018: “<”: 有符号/无符号不匹配
e:\qqdownload\ls\edf-tools-master\edf_tools\missionscript.cpp(2534): warning C4244: “初始化”: 从“wchar_t”转换到“char”，可能丢失数据
e:\qqdownload\ls\edf-tools-master\edf_tools\missionscript.cpp(3029): warning C4018: “<”: 有符号/无符号不匹配
e:\qqdownload\ls\edf-tools-master\edf_tools\missionscript.cpp(3076): warning C4018: “<”: 有符号/无符号不匹配
e:\qqdownload\ls\edf-tools-master\edf_tools\missionscript.cpp(3114): warning C4018: “<”: 有符号/无符号不匹配
e:\qqdownload\ls\edf-tools-master\edf_tools\missionscript.cpp(3145): warning C4309: “参数”: 截断常量值
e:\qqdownload\ls\edf-tools-master\edf_tools\missionscript.cpp(3156): warning C4309: “参数”: 截断常量值
e:\qqdownload\ls\edf-tools-master\edf_tools\missionscript.cpp(3171): warning C4309: “参数”: 截断常量值
e:\qqdownload\ls\edf-tools-master\edf_tools\missionscript.cpp(3203): warning C4018: “<”: 有符号/无符号不匹配
e:\qqdownload\ls\edf-tools-master\edf_tools\missionscript.cpp(3209): warning C4018: “<”: 有符号/无符号不匹配
e:\qqdownload\ls\edf-tools-master\edf_tools\missionscript.cpp(3367): warning C4018: “<”: 有符号/无符号不匹配
e:\qqdownload\ls\edf-tools-master\edf_tools\missionscript.cpp(3378): warning C4146: 一元负运算符应用于无符号类型，结果仍为无符号类型
e:\qqdownload\ls\edf-tools-master\edf_tools\missionscript.cpp(3378): warning C4267: “参数”: 从“size_t”转换到“_Ty”，可能丢失数据
          with
          [
              _Ty=char
          ]
e:\qqdownload\ls\edf-tools-master\edf_tools\missionscript.cpp(3382): warning C4309: “参数”: 截断常量值
e:\qqdownload\ls\edf-tools-master\edf_tools\missionscript.cpp(3384): warning C4146: 一元负运算符应用于无符号类型，结果仍为无符号类型
e:\qqdownload\ls\edf-tools-master\edf_tools\missionscript.cpp(3266): warning C4996: 'wcstok': wcstok has been changed to conform with the ISO C standard, adding an extra context parameter. To use the legacy Microsoft wcstok, define _CRT_NON_CONFORMING_WCSTOK.
  i:\program files (x86)\windows kits\10\include\10.0.19041.0\ucrt\corecrt_wstring.h(253): note: 参见“wcstok”的声明
e:\qqdownload\ls\edf-tools-master\edf_tools\missionscript.cpp(3271): warning C4996: 'wcstok': wcstok has been changed to conform with the ISO C standard, adding an extra context parameter. To use the legacy Microsoft wcstok, define _CRT_NON_CONFORMING_WCSTOK.
  i:\program files (x86)\windows kits\10\include\10.0.19041.0\ucrt\corecrt_wstring.h(253): note: 参见“wcstok”的声明
e:\qqdownload\ls\edf-tools-master\edf_tools\missionscript.cpp(3280): warning C4996: 'wcstok': wcstok has been changed to conform with the ISO C standard, adding an extra context parameter. To use the legacy Microsoft wcstok, define _CRT_NON_CONFORMING_WCSTOK.
  i:\program files (x86)\windows kits\10\include\10.0.19041.0\ucrt\corecrt_wstring.h(253): note: 参见“wcstok”的声明
e:\qqdownload\ls\edf-tools-master\edf_tools\missionscript.cpp(3295): warning C4996: 'wcstok': wcstok has been changed to conform with the ISO C standard, adding an extra context parameter. To use the legacy Microsoft wcstok, define _CRT_NON_CONFORMING_WCSTOK.
  i:\program files (x86)\windows kits\10\include\10.0.19041.0\ucrt\corecrt_wstring.h(253): note: 参见“wcstok”的声明
e:\qqdownload\ls\edf-tools-master\edf_tools\missionscript.cpp(3301): warning C4996: 'wcstok': wcstok has been changed to conform with the ISO C standard, adding an extra context parameter. To use the legacy Microsoft wcstok, define _CRT_NON_CONFORMING_WCSTOK.
  i:\program files (x86)\windows kits\10\include\10.0.19041.0\ucrt\corecrt_wstring.h(253): note: 参见“wcstok”的声明
e:\qqdownload\ls\edf-tools-master\edf_tools\missionscript.cpp(3313): warning C4996: 'wcstok': wcstok has been changed to conform with the ISO C standard, adding an extra context parameter. To use the legacy Microsoft wcstok, define _CRT_NON_CONFORMING_WCSTOK.
  i:\program files (x86)\windows kits\10\include\10.0.19041.0\ucrt\corecrt_wstring.h(253): note: 参见“wcstok”的声明
e:\qqdownload\ls\edf-tools-master\edf_tools\missionscript.cpp(3325): warning C4996: 'wcstok': wcstok has been changed to conform with the ISO C standard, adding an extra context parameter. To use the legacy Microsoft wcstok, define _CRT_NON_CONFORMING_WCSTOK.
  i:\program files (x86)\windows kits\10\include\10.0.19041.0\ucrt\corecrt_wstring.h(253): note: 参见“wcstok”的声明
e:\qqdownload\ls\edf-tools-master\edf_tools\missionscript.cpp(3335): warning C4996: 'wcstok': wcstok has been changed to conform with the ISO C standard, adding an extra context parameter. To use the legacy Microsoft wcstok, define _CRT_NON_CONFORMING_WCSTOK.
  i:\program files (x86)\windows kits\10\include\10.0.19041.0\ucrt\corecrt_wstring.h(253): note: 参见“wcstok”的声明
e:\qqdownload\ls\edf-tools-master\edf_tools\missionscript.cpp(3451): warning C4018: “<”: 有符号/无符号不匹配
e:\qqdownload\ls\edf-tools-master\edf_tools\missionscript.cpp(3422): warning C4996: 'wcstok': wcstok has been changed to conform with the ISO C standard, adding an extra context parameter. To use the legacy Microsoft wcstok, define _CRT_NON_CONFORMING_WCSTOK.
  i:\program files (x86)\windows kits\10\include\10.0.19041.0\ucrt\corecrt_wstring.h(253): note: 参见“wcstok”的声明
e:\qqdownload\ls\edf-tools-master\edf_tools\missionscript.cpp(3427): warning C4996: 'wcstok': wcstok has been changed to conform with the ISO C standard, adding an extra context parameter. To use the legacy Microsoft wcstok, define _CRT_NON_CONFORMING_WCSTOK.
  i:\program files (x86)\windows kits\10\include\10.0.19041.0\ucrt\corecrt_wstring.h(253): note: 参见“wcstok”的声明
e:\qqdownload\ls\edf-tools-master\edf_tools\missionscript.cpp(3430): warning C4996: 'wcstok': wcstok has been changed to conform with the ISO C standard, adding an extra context parameter. To use the legacy Microsoft wcstok, define _CRT_NON_CONFORMING_WCSTOK.
  i:\program files (x86)\windows kits\10\include\10.0.19041.0\ucrt\corecrt_wstring.h(253): note: 参见“wcstok”的声明
e:\qqdownload\ls\edf-tools-master\edf_tools\missionscript.cpp(3443): warning C4996: 'wcstok': wcstok has been changed to conform with the ISO C standard, adding an extra context parameter. To use the legacy Microsoft wcstok, define _CRT_NON_CONFORMING_WCSTOK.
  i:\program files (x86)\windows kits\10\include\10.0.19041.0\ucrt\corecrt_wstring.h(253): note: 参见“wcstok”的声明
e:\qqdownload\ls\edf-tools-master\edf_tools\missionscript.cpp(3447): warning C4996: 'wcstok': wcstok has been changed to conform with the ISO C standard, adding an extra context parameter. To use the legacy Microsoft wcstok, define _CRT_NON_CONFORMING_WCSTOK.
  i:\program files (x86)\windows kits\10\include\10.0.19041.0\ucrt\corecrt_wstring.h(253): note: 参见“wcstok”的声明
e:\qqdownload\ls\edf-tools-master\edf_tools\missionscript.cpp(3477): warning C4018: “<”: 有符号/无符号不匹配
e:\qqdownload\ls\edf-tools-master\edf_tools\missionscript.cpp(3539): warning C4309: “参数”: 截断常量值
e:\qqdownload\ls\edf-tools-master\edf_tools\missionscript.cpp(3572): warning C4309: “参数”: 截断常量值
e:\qqdownload\ls\edf-tools-master\edf_tools\missionscript.cpp(3607): warning C4996: 'wcstok': wcstok has been changed to conform with the ISO C standard, adding an extra context parameter. To use the legacy Microsoft wcstok, define _CRT_NON_CONFORMING_WCSTOK.
  i:\program files (x86)\windows kits\10\include\10.0.19041.0\ucrt\corecrt_wstring.h(253): note: 参见“wcstok”的声明
e:\qqdownload\ls\edf-tools-master\edf_tools\missionscript.cpp(3614): warning C4996: 'wcstok': wcstok has been changed to conform with the ISO C standard, adding an extra context parameter. To use the legacy Microsoft wcstok, define _CRT_NON_CONFORMING_WCSTOK.
  i:\program files (x86)\windows kits\10\include\10.0.19041.0\ucrt\corecrt_wstring.h(253): note: 参见“wcstok”的声明
e:\qqdownload\ls\edf-tools-master\edf_tools\missionscript.cpp(3620): warning C4996: 'wcstok': wcstok has been changed to conform with the ISO C standard, adding an extra context parameter. To use the legacy Microsoft wcstok, define _CRT_NON_CONFORMING_WCSTOK.
  i:\program files (x86)\windows kits\10\include\10.0.19041.0\ucrt\corecrt_wstring.h(253): note: 参见“wcstok”的声明
e:\qqdownload\ls\edf-tools-master\edf_tools\missionscript.cpp(3624): warning C4996: 'wcstok': wcstok has been changed to conform with the ISO C standard, adding an extra context parameter. To use the legacy Microsoft wcstok, define _CRT_NON_CONFORMING_WCSTOK.
  i:\program files (x86)\windows kits\10\include\10.0.19041.0\ucrt\corecrt_wstring.h(253): note: 参见“wcstok”的声明
e:\qqdownload\ls\edf-tools-master\edf_tools\missionscript.cpp(3632): warning C4996: 'wcstok': wcstok has been changed to conform with the ISO C standard, adding an extra context parameter. To use the legacy Microsoft wcstok, define _CRT_NON_CONFORMING_WCSTOK.
  i:\program files (x86)\windows kits\10\include\10.0.19041.0\ucrt\corecrt_wstring.h(253): note: 参见“wcstok”的声明
  ModManager.cpp
  RAB.cpp
e:\qqdownload\ls\edf-tools-master\edf_tools\rab.cpp(29): warning C4244: “参数”: 从“std::streamsize”转换到“const unsigned int”，可能丢失数据
e:\qqdownload\ls\edf-tools-master\edf_tools\rab.cpp(208): warning C4018: “<”: 有符号/无符号不匹配
e:\qqdownload\ls\edf-tools-master\edf_tools\rab.cpp(220): warning C4018: “<”: 有符号/无符号不匹配
e:\qqdownload\ls\edf-tools-master\edf_tools\rab.cpp(373): warning C4018: “<”: 有符号/无符号不匹配
e:\qqdownload\ls\edf-tools-master\edf_tools\rab.cpp(407): warning C4018: “<”: 有符号/无符号不匹配
e:\qqdownload\ls\edf-tools-master\edf_tools\rab.cpp(437): warning C4309: “参数”: 截断常量值
e:\qqdownload\ls\edf-tools-master\edf_tools\rab.cpp(438): warning C4309: “参数”: 截断常量值
e:\qqdownload\ls\edf-tools-master\edf_tools\rab.cpp(439): warning C4309: “参数”: 截断常量值
e:\qqdownload\ls\edf-tools-master\edf_tools\rab.cpp(440): warning C4309: “参数”: 截断常量值
e:\qqdownload\ls\edf-tools-master\edf_tools\rab.cpp(498): warning C4018: “<”: 有符号/无符号不匹配
e:\qqdownload\ls\edf-tools-master\edf_tools\rab.cpp(575): warning C4018: “<”: 有符号/无符号不匹配
e:\qqdownload\ls\edf-tools-master\edf_tools\rab.cpp(583): warning C4018: “<”: 有符号/无符号不匹配
e:\qqdownload\ls\edf-tools-master\edf_tools\rab.cpp(605): warning C4018: “<”: 有符号/无符号不匹配
e:\qqdownload\ls\edf-tools-master\edf_tools\rab.cpp(629): warning C4018: “<”: 有符号/无符号不匹配
e:\qqdownload\ls\edf-tools-master\edf_tools\rab.cpp(636): warning C4018: “<”: 有符号/无符号不匹配
e:\qqdownload\ls\edf-tools-master\edf_tools\rab.cpp(655): warning C4018: “<”: 有符号/无符号不匹配
e:\qqdownload\ls\edf-tools-master\edf_tools\rab.cpp(675): warning C4018: “<”: 有符号/无符号不匹配
e:\qqdownload\ls\edf-tools-master\edf_tools\rab.cpp(692): warning C4018: “<”: 有符号/无符号不匹配
e:\qqdownload\ls\edf-tools-master\edf_tools\rab.cpp(700): warning C4018: “<”: 有符号/无符号不匹配
e:\qqdownload\ls\edf-tools-master\edf_tools\rab.cpp(709): warning C4018: “<”: 有符号/无符号不匹配
e:\qqdownload\ls\edf-tools-master\edf_tools\rab.cpp(712): warning C4018: “<”: 有符号/无符号不匹配
e:\qqdownload\ls\edf-tools-master\edf_tools\rab.cpp(730): warning C4018: “<”: 有符号/无符号不匹配
e:\qqdownload\ls\edf-tools-master\edf_tools\rab.cpp(739): warning C4018: “<”: 有符号/无符号不匹配
e:\qqdownload\ls\edf-tools-master\edf_tools\rab.cpp(769): warning C4244: “参数”: 从“std::streamsize”转换到“const unsigned int”，可能丢失数据
e:\qqdownload\ls\edf-tools-master\edf_tools\rab.cpp(836): warning C4018: “<”: 有符号/无符号不匹配
e:\qqdownload\ls\edf-tools-master\edf_tools\rab.cpp(849): warning C4554: “&”: 检查运算符优先级是否存在的可能的错误；使用括号阐明优先级
e:\qqdownload\ls\edf-tools-master\edf_tools\rab.cpp(931): warning C4018: “<”: 有符号/无符号不匹配
e:\qqdownload\ls\edf-tools-master\edf_tools\rab.cpp(934): warning C4309: “参数”: 截断常量值
e:\qqdownload\ls\edf-tools-master\edf_tools\rab.cpp(938): warning C4018: “>=”: 有符号/无符号不匹配
e:\qqdownload\ls\edf-tools-master\edf_tools\rab.cpp(1031): warning C4267: “初始化”: 从“size_t”转换到“uint16_t”，可能丢失数据
  RMPA.cpp
e:\qqdownload\ls\edf-tools-master\edf_tools\rmpa.cpp(26): warning C4244: “参数”: 从“std::streamsize”转换到“const unsigned int”，可能丢失数据
  SGO.cpp
e:\qqdownload\ls\edf-tools-master\edf_tools\sgo.cpp(28): warning C4244: “参数”: 从“std::streamsize”转换到“const unsigned int”，可能丢失数据
e:\qqdownload\ls\edf-tools-master\edf_tools\sgo.cpp(283): warning C4018: “<”: 有符号/无符号不匹配
  EDF_Tools.cpp
  util.cpp
e:\qqdownload\ls\edf-tools-master\edf_tools\util.cpp(67): warning C4996: 'itoa': The POSIX name for this item is deprecated. Instead, use the ISO C and C++ conformant name: _itoa. See online help for details.
  i:\program files (x86)\windows kits\10\include\10.0.19041.0\ucrt\stdlib.h(1316): note: 参见“itoa”的声明
e:\qqdownload\ls\edf-tools-master\edf_tools\util.cpp(195): warning C4018: “>”: 有符号/无符号不匹配
e:\qqdownload\ls\edf-tools-master\edf_tools\util.cpp(240): warning C4018: “>”: 有符号/无符号不匹配
e:\qqdownload\ls\edf-tools-master\edf_tools\util.cpp(282): warning C4018: “<”: 有符号/无符号不匹配
e:\qqdownload\ls\edf-tools-master\edf_tools\util.cpp(301): warning C4018: “<”: 有符号/无符号不匹配
e:\qqdownload\ls\edf-tools-master\edf_tools\util.cpp(303): warning C4018: “<”: 有符号/无符号不匹配
e:\qqdownload\ls\edf-tools-master\edf_tools\util.cpp(390): warning C4101: “e”: 未引用的局部变量
e:\qqdownload\ls\edf-tools-master\edf_tools\util.cpp(407): warning C4101: “e”: 未引用的局部变量
e:\qqdownload\ls\edf-tools-master\edf_tools\util.cpp(427): warning C4018: “<”: 有符号/无符号不匹配
e:\qqdownload\ls\edf-tools-master\edf_tools\util.cpp(515): warning C4018: “<”: 有符号/无符号不匹配
e:\qqdownload\ls\edf-tools-master\edf_tools\util.cpp(526): warning C4018: “<”: 有符号/无符号不匹配
  VMState.cpp
e:\qqdownload\ls\edf-tools-master\edf_tools\vmstate.cpp(20): warning C4018: “<”: 有符号/无符号不匹配
e:\qqdownload\ls\edf-tools-master\edf_tools\vmstate.cpp(31): warning C4018: “<”: 有符号/无符号不匹配
e:\qqdownload\ls\edf-tools-master\edf_tools\vmstate.cpp(33): warning C4477: “printf”: 格式字符串“%ls”需要类型“wchar_t *”的参数，但可变参数 1 拥有了类型“const std::wstring”
e:\qqdownload\ls\edf-tools-master\edf_tools\vmstate.cpp(36): warning C4477: “printf”: 格式字符串“%d”需要类型“int”的参数，但可变参数 1 拥有了类型“const uint64_t”
  e:\qqdownload\ls\edf-tools-master\edf_tools\vmstate.cpp(36): note: 请考虑在格式字符串中使用“%lld”
  e:\qqdownload\ls\edf-tools-master\edf_tools\vmstate.cpp(36): note: 请考虑在格式字符串中使用“%I64d”
e:\qqdownload\ls\edf-tools-master\edf_tools\vmstate.cpp(47): warning C4018: “<”: 有符号/无符号不匹配
e:\qqdownload\ls\edf-tools-master\edf_tools\vmstate.cpp(77): warning C4244: “初始化”: 从“_Ty”转换到“int32_t”，可能丢失数据
          with
          [
              _Ty=uint64_t
          ]
e:\qqdownload\ls\edf-tools-master\edf_tools\vmstate.cpp(78): warning C4244: “初始化”: 从“_Ty”转换到“int32_t”，可能丢失数据
          with
          [
              _Ty=uint64_t
          ]
e:\qqdownload\ls\edf-tools-master\edf_tools\vmstate.cpp(87): warning C4018: “>=”: 有符号/无符号不匹配
e:\qqdownload\ls\edf-tools-master\edf_tools\vmstate.cpp(99): warning C4244: “初始化”: 从“float”转换到“int”，可能丢失数据
e:\qqdownload\ls\edf-tools-master\edf_tools\vmstate.cpp(100): warning C4018: “>=”: 有符号/无符号不匹配
e:\qqdownload\ls\edf-tools-master\edf_tools\vmstate.cpp(111): warning C4244: “初始化”: 从“int32_t”转换到“float”，可能丢失数据
e:\qqdownload\ls\edf-tools-master\edf_tools\vmstate.cpp(114): warning C4018: “>=”: 有符号/无符号不匹配
e:\qqdownload\ls\edf-tools-master\edf_tools\vmstate.cpp(134): warning C4244: “初始化”: 从“_Ty”转换到“int”，可能丢失数据
          with
          [
              _Ty=uint64_t
          ]
e:\qqdownload\ls\edf-tools-master\edf_tools\vmstate.cpp(141): warning C4244: “初始化”: 从“_Ty”转换到“int”，可能丢失数据
          with
          [
              _Ty=uint64_t
          ]
e:\qqdownload\ls\edf-tools-master\edf_tools\vmstate.cpp(142): warning C4244: “初始化”: 从“_Ty”转换到“int”，可能丢失数据
          with
          [
              _Ty=uint64_t
          ]
e:\qqdownload\ls\edf-tools-master\edf_tools\vmstate.cpp(180): warning C4244: “初始化”: 从“_Ty”转换到“int”，可能丢失数据
          with
          [
              _Ty=uint64_t
          ]
e:\qqdownload\ls\edf-tools-master\edf_tools\vmstate.cpp(181): warning C4244: “初始化”: 从“_Ty”转换到“int”，可能丢失数据
          with
          [
              _Ty=uint64_t
          ]
e:\qqdownload\ls\edf-tools-master\edf_tools\vmstate.cpp(219): warning C4244: “初始化”: 从“_Ty”转换到“int”，可能丢失数据
          with
          [
              _Ty=uint64_t
          ]
e:\qqdownload\ls\edf-tools-master\edf_tools\vmstate.cpp(220): warning C4244: “初始化”: 从“_Ty”转换到“int”，可能丢失数据
          with
          [
              _Ty=uint64_t
          ]
e:\qqdownload\ls\edf-tools-master\edf_tools\vmstate.cpp(258): warning C4244: “初始化”: 从“_Ty”转换到“int”，可能丢失数据
          with
          [
              _Ty=uint64_t
          ]
e:\qqdownload\ls\edf-tools-master\edf_tools\vmstate.cpp(259): warning C4244: “初始化”: 从“_Ty”转换到“int”，可能丢失数据
          with
          [
              _Ty=uint64_t
          ]
e:\qqdownload\ls\edf-tools-master\edf_tools\vmstate.cpp(297): warning C4244: “初始化”: 从“_Ty”转换到“int”，可能丢失数据
          with
          [
              _Ty=uint64_t
          ]
e:\qqdownload\ls\edf-tools-master\edf_tools\vmstate.cpp(298): warning C4244: “初始化”: 从“_Ty”转换到“int”，可能丢失数据
          with
          [
              _Ty=uint64_t
          ]
e:\qqdownload\ls\edf-tools-master\edf_tools\vmstate.cpp(312): warning C4244: “初始化”: 从“_Ty”转换到“int”，可能丢失数据
          with
          [
              _Ty=uint64_t
          ]
e:\qqdownload\ls\edf-tools-master\edf_tools\vmstate.cpp(320): warning C4244: “初始化”: 从“_Ty”转换到“int”，可能丢失数据
          with
          [
              _Ty=uint64_t
          ]
e:\qqdownload\ls\edf-tools-master\edf_tools\vmstate.cpp(341): warning C4244: “初始化”: 从“_Ty”转换到“int”，可能丢失数据
          with
          [
              _Ty=uint64_t
          ]
e:\qqdownload\ls\edf-tools-master\edf_tools\vmstate.cpp(350): warning C4244: “初始化”: 从“_Ty”转换到“int”，可能丢失数据
          with
          [
              _Ty=uint64_t
          ]
e:\qqdownload\ls\edf-tools-master\edf_tools\vmstate.cpp(363): warning C4244: “初始化”: 从“_Ty”转换到“int”，可能丢失数据
          with
          [
              _Ty=uint64_t
          ]
e:\qqdownload\ls\edf-tools-master\edf_tools\vmstate.cpp(372): warning C4244: “初始化”: 从“_Ty”转换到“int”，可能丢失数据
          with
          [
              _Ty=uint64_t
          ]
e:\qqdownload\ls\edf-tools-master\edf_tools\vmstate.cpp(380): warning C4244: “初始化”: 从“_Ty”转换到“int”，可能丢失数据
          with
          [
              _Ty=uint64_t
          ]
e:\qqdownload\ls\edf-tools-master\edf_tools\vmstate.cpp(381): warning C4244: “初始化”: 从“_Ty”转换到“int”，可能丢失数据
          with
          [
              _Ty=uint64_t
          ]
e:\qqdownload\ls\edf-tools-master\edf_tools\vmstate.cpp(388): warning C4244: “初始化”: 从“_Ty”转换到“int”，可能丢失数据
          with
          [
              _Ty=uint64_t
          ]
e:\qqdownload\ls\edf-tools-master\edf_tools\vmstate.cpp(389): warning C4244: “初始化”: 从“_Ty”转换到“int”，可能丢失数据
          with
          [
              _Ty=uint64_t
          ]
e:\qqdownload\ls\edf-tools-master\edf_tools\vmstate.cpp(396): warning C4244: “初始化”: 从“_Ty”转换到“int”，可能丢失数据
          with
          [
              _Ty=uint64_t
          ]
e:\qqdownload\ls\edf-tools-master\edf_tools\vmstate.cpp(397): warning C4244: “初始化”: 从“_Ty”转换到“int”，可能丢失数据
          with
          [
              _Ty=uint64_t
          ]
e:\qqdownload\ls\edf-tools-master\edf_tools\vmstate.cpp(404): warning C4244: “初始化”: 从“_Ty”转换到“int”，可能丢失数据
          with
          [
              _Ty=uint64_t
          ]
e:\qqdownload\ls\edf-tools-master\edf_tools\vmstate.cpp(405): warning C4244: “初始化”: 从“_Ty”转换到“int”，可能丢失数据
          with
          [
              _Ty=uint64_t
          ]
e:\qqdownload\ls\edf-tools-master\edf_tools\vmstate.cpp(412): warning C4244: “初始化”: 从“_Ty”转换到“int”，可能丢失数据
          with
          [
              _Ty=uint64_t
          ]
e:\qqdownload\ls\edf-tools-master\edf_tools\vmstate.cpp(413): warning C4244: “初始化”: 从“_Ty”转换到“int”，可能丢失数据
          with
          [
              _Ty=uint64_t
          ]
e:\qqdownload\ls\edf-tools-master\edf_tools\vmstate.cpp(420): warning C4244: “初始化”: 从“_Ty”转换到“int”，可能丢失数据
          with
          [
              _Ty=uint64_t
          ]
e:\qqdownload\ls\edf-tools-master\edf_tools\vmstate.cpp(427): warning C4244: “初始化”: 从“_Ty”转换到“int”，可能丢失数据
          with
          [
              _Ty=uint64_t
          ]
e:\qqdownload\ls\edf-tools-master\edf_tools\vmstate.cpp(429): warning C4244: “参数”: 从“float”转换到“const unsigned __int64”，可能丢失数据
e:\qqdownload\ls\edf-tools-master\edf_tools\vmstate.cpp(434): warning C4244: “初始化”: 从“_Ty”转换到“int”，可能丢失数据
          with
          [
              _Ty=uint64_t
          ]
e:\qqdownload\ls\edf-tools-master\edf_tools\vmstate.cpp(435): warning C4244: “初始化”: 从“int”转换到“float”，可能丢失数据
e:\qqdownload\ls\edf-tools-master\edf_tools\vmstate.cpp(445): warning C4018: “<”: 有符号/无符号不匹配
e:\qqdownload\ls\edf-tools-master\edf_tools\vmstate.cpp(447): warning C4244: “=”: 从“uint64_t”转换到“int”，可能丢失数据
e:\qqdownload\ls\edf-tools-master\edf_tools\vmstate.cpp(451): warning C4244: “=”: 从“_Ty”转换到“int”，可能丢失数据
          with
          [
              _Ty=uint64_t
          ]
e:\qqdownload\ls\edf-tools-master\edf_tools\vmstate.cpp(466): warning C4244: “初始化”: 从“_Ty”转换到“int”，可能丢失数据
          with
          [
              _Ty=uint64_t
          ]
e:\qqdownload\ls\edf-tools-master\edf_tools\vmstate.cpp(469): warning C4018: “<”: 有符号/无符号不匹配
  正在生成代码
e:\qqdownload\ls\edf-tools-master\edf_tools\mdb.cpp(612): warning C4715: “CMDBtoXML::Read”: 不是所有的控件路径都返回值
e:\qqdownload\ls\edf-tools-master\edf_tools\rmpa.cpp(105): warning C4715: “CRMPA::Read”: 不是所有的控件路径都返回值
e:\qqdownload\ls\edf-tools-master\edf_tools\canm.cpp(843): warning C4715: “CANM::WriteAnimationKeyFrame”: 不是所有的控件路径都返回值
  4939 of 4948 functions (99.8%) were compiled, the rest were copied from previous compilation.
    84 functions were new in current compilation
    0 functions had inline decision re-evaluated but remain unchanged
  已完成代码的生成
  EDF_Tools.vcxproj -> E:\QQDownload\ls\edf-tools-master\Release\EDF Tools.exe
